0 info it worked if it ends with ok
1 verbose cli [ 'node', '/opt/local/bin/npm', 'start' ]
2 info using npm@3.3.3
3 info using node@v0.12.7
4 verbose run-script [ 'prestart', 'start', 'poststart' ]
5 info lifecycle cloudcode-todo-demo@0.0.1~prestart: cloudcode-todo-demo@0.0.1
6 silly lifecycle cloudcode-todo-demo@0.0.1~prestart: no script for prestart, continuing
7 info lifecycle cloudcode-todo-demo@0.0.1~start: cloudcode-todo-demo@0.0.1
8 verbose lifecycle cloudcode-todo-demo@0.0.1~start: unsafe-perm in lifecycle true
9 verbose lifecycle cloudcode-todo-demo@0.0.1~start: PATH: /opt/local/lib/node_modules/npm/bin/node-gyp-bin:/Users/tsaolipeng/git/works/leanengine4eboo/node_modules/.bin:/opt/local/bin:/opt/local/sbin:/usr/local/bin:/usr/bin:/bin:/usr/sbin:/sbin
10 verbose lifecycle cloudcode-todo-demo@0.0.1~start: CWD: /Users/tsaolipeng/git/works/leanengine4eboo
11 silly lifecycle cloudcode-todo-demo@0.0.1~start: Args: [ '-c', 'node server.js' ]
12 silly lifecycle cloudcode-todo-demo@0.0.1~start: Returned: code: 1  signal: null
13 info lifecycle cloudcode-todo-demo@0.0.1~start: Failed to exec start script
14 verbose stack Error: cloudcode-todo-demo@0.0.1 start: `node server.js`
14 verbose stack Exit status 1
14 verbose stack     at EventEmitter.<anonymous> (/opt/local/lib/node_modules/npm/lib/utils/lifecycle.js:233:16)
14 verbose stack     at EventEmitter.emit (events.js:110:17)
14 verbose stack     at ChildProcess.<anonymous> (/opt/local/lib/node_modules/npm/lib/utils/spawn.js:24:14)
14 verbose stack     at ChildProcess.emit (events.js:110:17)
14 verbose stack     at maybeClose (child_process.js:1015:16)
14 verbose stack     at Process.ChildProcess._handle.onexit (child_process.js:1087:5)
15 verbose pkgid cloudcode-todo-demo@0.0.1
16 verbose cwd /Users/tsaolipeng/git/works/leanengine4eboo
17 error Darwin 14.5.0
18 error argv "node" "/opt/local/bin/npm" "start"
19 error node v0.12.7
20 error npm  v3.3.3
21 error code ELIFECYCLE
22 error cloudcode-todo-demo@0.0.1 start: `node server.js`
22 error Exit status 1
23 error Failed at the cloudcode-todo-demo@0.0.1 start script 'node server.js'.
23 error This is most likely a problem with the cloudcode-todo-demo package,
23 error not with npm itself.
23 error Tell the author that this fails on your system:
23 error     node server.js
23 error You can get their info via:
23 error     npm owner ls cloudcode-todo-demo
23 error There is likely additional logging output above.
24 verbose exit [ 1, true ]
